CRITICAL - 2023-10-05 00:31:13 --> Undefined variable: title
in APPPATH\Views\layout\header.php on line 7.
 1 APPPATH\Views\layout\header.php(7): CodeIgniter\Debug\Exceptions->errorHandler(8, 'Undefined variable: title', 'C:\\xampp\\htdocs\\ci4bismillah\\app\\Views\\layout\\header.php', 7, [])
 2 SYSTEMPATH\View\View.php(226): include('C:\\xampp\\htdocs\\ci4bismillah\\app\\Views\\layout\\header.php')
 3 SYSTEMPATH\View\View.php(229): CodeIgniter\View\View->CodeIgniter\View\{closure}()
 4 SYSTEMPATH\Common.php(1188): CodeIgniter\View\View->render('layout/header', [], true)
 5 APPPATH\Controllers\pages.php(18): view('layout/header')
 6 SYSTEMPATH\CodeIgniter.php(919): App\Controllers\pages->about()
 7 SYSTEMPATH\CodeIgniter.php(494): CodeIgniter\CodeIgniter->runController(Object(App\Controllers\pages))
 8 SYSTEMPATH\CodeIgniter.php(353): CodeIgniter\CodeIgniter->handleRequest(null, Object(Config\Cache), false)
 9 FCPATH\index.php(79): CodeIgniter\CodeIgniter->run()
10 SYSTEMPATH\Commands\Server\rewrite.php(47): require_once('C:\\xampp\\htdocs\\ci4bismillah\\public\\index.php')
CRITICAL - 2023-10-05 00:31:43 --> Undefined variable: title
in APPPATH\Views\layout\header.php on line 7.
 1 APPPATH\Views\layout\header.php(7): CodeIgniter\Debug\Exceptions->errorHandler(8, 'Undefined variable: title', 'C:\\xampp\\htdocs\\ci4bismillah\\app\\Views\\layout\\header.php', 7, [])
 2 SYSTEMPATH\View\View.php(226): include('C:\\xampp\\htdocs\\ci4bismillah\\app\\Views\\layout\\header.php')
 3 SYSTEMPATH\View\View.php(229): CodeIgniter\View\View->CodeIgniter\View\{closure}()
 4 SYSTEMPATH\Common.php(1188): CodeIgniter\View\View->render('layout/header', [], true)
 5 APPPATH\Controllers\pages.php(21): view('layout/header')
 6 SYSTEMPATH\CodeIgniter.php(919): App\Controllers\pages->about()
 7 SYSTEMPATH\CodeIgniter.php(494): CodeIgniter\CodeIgniter->runController(Object(App\Controllers\pages))
 8 SYSTEMPATH\CodeIgniter.php(353): CodeIgniter\CodeIgniter->handleRequest(null, Object(Config\Cache), false)
 9 FCPATH\index.php(79): CodeIgniter\CodeIgniter->run()
10 SYSTEMPATH\Commands\Server\rewrite.php(47): require_once('C:\\xampp\\htdocs\\ci4bismillah\\public\\index.php')
CRITICAL - 2023-10-05 00:31:50 --> Undefined variable: title
in APPPATH\Views\layout\header.php on line 7.
 1 APPPATH\Views\layout\header.php(7): CodeIgniter\Debug\Exceptions->errorHandler(8, 'Undefined variable: title', 'C:\\xampp\\htdocs\\ci4bismillah\\app\\Views\\layout\\header.php', 7, [])
 2 SYSTEMPATH\View\View.php(226): include('C:\\xampp\\htdocs\\ci4bismillah\\app\\Views\\layout\\header.php')
 3 SYSTEMPATH\View\View.php(229): CodeIgniter\View\View->CodeIgniter\View\{closure}()
 4 SYSTEMPATH\Common.php(1188): CodeIgniter\View\View->render('layout/header', [], true)
 5 APPPATH\Controllers\pages.php(21): view('layout/header')
 6 SYSTEMPATH\CodeIgniter.php(919): App\Controllers\pages->about()
 7 SYSTEMPATH\CodeIgniter.php(494): CodeIgniter\CodeIgniter->runController(Object(App\Controllers\pages))
 8 SYSTEMPATH\CodeIgniter.php(353): CodeIgniter\CodeIgniter->handleRequest(null, Object(Config\Cache), false)
 9 FCPATH\index.php(79): CodeIgniter\CodeIgniter->run()
10 SYSTEMPATH\Commands\Server\rewrite.php(47): require_once('C:\\xampp\\htdocs\\ci4bismillah\\public\\index.php')
CRITICAL - 2023-10-05 00:38:30 --> Undefined offset: 3
in APPPATH\Views\pages\home.php on line 7.
 1 APPPATH\Views\pages\home.php(7): CodeIgniter\Debug\Exceptions->errorHandler(8, 'Undefined offset: 3', 'C:\\xampp\\htdocs\\ci4bismillah\\app\\Views\\pages\\home.php', 7, [...])
 2 SYSTEMPATH\View\View.php(226): include('C:\\xampp\\htdocs\\ci4bismillah\\app\\Views\\pages\\home.php')
 3 SYSTEMPATH\View\View.php(229): CodeIgniter\View\View->CodeIgniter\View\{closure}()
 4 SYSTEMPATH\Common.php(1188): CodeIgniter\View\View->render('pages/home', [], true)
 5 APPPATH\Controllers\pages.php(14): view('pages/home')
 6 SYSTEMPATH\CodeIgniter.php(919): App\Controllers\pages->index()
 7 SYSTEMPATH\CodeIgniter.php(494): CodeIgniter\CodeIgniter->runController(Object(App\Controllers\pages))
 8 SYSTEMPATH\CodeIgniter.php(353): CodeIgniter\CodeIgniter->handleRequest(null, Object(Config\Cache), false)
 9 FCPATH\index.php(79): CodeIgniter\CodeIgniter->run()
10 SYSTEMPATH\Commands\Server\rewrite.php(47): require_once('C:\\xampp\\htdocs\\ci4bismillah\\public\\index.php')
CRITICAL - 2023-10-05 00:38:59 --> Uninitialized string offset: 3
in APPPATH\Views\pages\home.php on line 7.
 1 APPPATH\Views\pages\home.php(7): CodeIgniter\Debug\Exceptions->errorHandler(8, 'Uninitialized string offset: 3', 'C:\\xampp\\htdocs\\ci4bismillah\\app\\Views\\pages\\home.php', 7, [...])
 2 SYSTEMPATH\View\View.php(226): include('C:\\xampp\\htdocs\\ci4bismillah\\app\\Views\\pages\\home.php')
 3 SYSTEMPATH\View\View.php(229): CodeIgniter\View\View->CodeIgniter\View\{closure}()
 4 SYSTEMPATH\Common.php(1188): CodeIgniter\View\View->render('pages/home', [], true)
 5 APPPATH\Controllers\pages.php(14): view('pages/home')
 6 SYSTEMPATH\CodeIgniter.php(919): App\Controllers\pages->index()
 7 SYSTEMPATH\CodeIgniter.php(494): CodeIgniter\CodeIgniter->runController(Object(App\Controllers\pages))
 8 SYSTEMPATH\CodeIgniter.php(353): CodeIgniter\CodeIgniter->handleRequest(null, Object(Config\Cache), false)
 9 FCPATH\index.php(79): CodeIgniter\CodeIgniter->run()
10 SYSTEMPATH\Commands\Server\rewrite.php(47): require_once('C:\\xampp\\htdocs\\ci4bismillah\\public\\index.php')
CRITICAL - 2023-10-05 00:39:37 --> Uninitialized string offset: 3
in APPPATH\Views\pages\home.php on line 7.
 1 APPPATH\Views\pages\home.php(7): CodeIgniter\Debug\Exceptions->errorHandler(8, 'Uninitialized string offset: 3', 'C:\\xampp\\htdocs\\ci4bismillah\\app\\Views\\pages\\home.php', 7, [...])
 2 SYSTEMPATH\View\View.php(226): include('C:\\xampp\\htdocs\\ci4bismillah\\app\\Views\\pages\\home.php')
 3 SYSTEMPATH\View\View.php(229): CodeIgniter\View\View->CodeIgniter\View\{closure}()
 4 SYSTEMPATH\Common.php(1188): CodeIgniter\View\View->render('pages/home', [], true)
 5 APPPATH\Controllers\pages.php(14): view('pages/home')
 6 SYSTEMPATH\CodeIgniter.php(919): App\Controllers\pages->index()
 7 SYSTEMPATH\CodeIgniter.php(494): CodeIgniter\CodeIgniter->runController(Object(App\Controllers\pages))
 8 SYSTEMPATH\CodeIgniter.php(353): CodeIgniter\CodeIgniter->handleRequest(null, Object(Config\Cache), false)
 9 FCPATH\index.php(79): CodeIgniter\CodeIgniter->run()
10 SYSTEMPATH\Commands\Server\rewrite.php(47): require_once('C:\\xampp\\htdocs\\ci4bismillah\\public\\index.php')
