CRITICAL - 2023-11-12 12:26:43 --> Array to string conversion
in APPPATH\Controllers\komik.php on line 16.
 1 APPPATH\Controllers\komik.php(16): CodeIgniter\Debug\Exceptions->errorHandler(8, 'Array to string conversion', 'C:\\xampp\\htdocs\\ci4bismillah\\app\\Controllers\\komik.php', 16, [...])
 2 SYSTEMPATH\CodeIgniter.php(919): App\Controllers\komik->index()
 3 SYSTEMPATH\CodeIgniter.php(494): CodeIgniter\CodeIgniter->runController(Object(App\Controllers\komik))
 4 SYSTEMPATH\CodeIgniter.php(353): CodeIgniter\CodeIgniter->handleRequest(null, Object(Config\Cache), false)
 5 FCPATH\index.php(79): CodeIgniter\CodeIgniter->run()
 6 SYSTEMPATH\Commands\Server\rewrite.php(47): require_once('C:\\xampp\\htdocs\\ci4bismillah\\public\\index.php')
CRITICAL - 2023-11-12 12:41:53 --> Undefined variable: sampul
in APPPATH\Views\komik\index.php on line 19.
 1 APPPATH\Views\komik\index.php(19): CodeIgniter\Debug\Exceptions->errorHandler(8, 'Undefined variable: sampul', 'C:\\xampp\\htdocs\\ci4bismillah\\app\\Views\\komik\\index.php', 19, [...])
 2 SYSTEMPATH\View\View.php(226): include('C:\\xampp\\htdocs\\ci4bismillah\\app\\Views\\komik\\index.php')
 3 SYSTEMPATH\View\View.php(229): CodeIgniter\View\View->CodeIgniter\View\{closure}()
 4 SYSTEMPATH\Common.php(1188): CodeIgniter\View\View->render('komik/index', [], true)
 5 APPPATH\Controllers\komik.php(32): view('komik/index')
 6 SYSTEMPATH\CodeIgniter.php(919): App\Controllers\komik->index()
 7 SYSTEMPATH\CodeIgniter.php(494): CodeIgniter\CodeIgniter->runController(Object(App\Controllers\komik))
 8 SYSTEMPATH\CodeIgniter.php(353): CodeIgniter\CodeIgniter->handleRequest(null, Object(Config\Cache), false)
 9 FCPATH\index.php(79): CodeIgniter\CodeIgniter->run()
10 SYSTEMPATH\Commands\Server\rewrite.php(47): require_once('C:\\xampp\\htdocs\\ci4bismillah\\public\\index.php')
