ERROR - 2023-11-15 14:54:39 --> Error connecting to the database: mysqli_sql_exception: No connection could be made because the target machine actively refused it.
 in C:\xampp\htdocs\ci4bismillah\system\Database\MySQLi\Connection.php:185
Stack trace:
#0 C:\xampp\htdocs\ci4bismillah\system\Database\MySQLi\Connection.php(185): mysqli->real_connect('localhost', 'root', '', 'ci2', 3306, '', 0)
#1 C:\xampp\htdocs\ci4bismillah\system\Database\BaseConnection.php(391): CodeIgniter\Database\MySQLi\Connection->connect(false)
#2 C:\xampp\htdocs\ci4bismillah\system\Database\BaseConnection.php(574): CodeIgniter\Database\BaseConnection->initialize()
#3 C:\xampp\htdocs\ci4bismillah\system\Database\BaseBuilder.php(1615): CodeIgniter\Database\BaseConnection->query('SELECT *\nFROM `...', Array, false)
#4 C:\xampp\htdocs\ci4bismillah\system\Model.php(237): CodeIgniter\Database\BaseBuilder->get()
#5 C:\xampp\htdocs\ci4bismillah\system\BaseModel.php(624): CodeIgniter\Model->doFindAll(0, 0)
#6 C:\xampp\htdocs\ci4bismillah\app\Controllers\komik.php(16): CodeIgniter\BaseModel->findAll()
#7 C:\xampp\htdocs\ci4bismillah\system\CodeIgniter.php(919): App\Controllers\komik->index()
#8 C:\xampp\htdocs\ci4bismillah\system\CodeIgniter.php(494): CodeIgniter\CodeIgniter->runController(Object(App\Controllers\komik))
#9 C:\xampp\htdocs\ci4bismillah\system\CodeIgniter.php(353): CodeIgniter\CodeIgniter->handleRequest(NULL, Object(Config\Cache), false)
#10 C:\xampp\htdocs\ci4bismillah\public\index.php(79): CodeIgniter\CodeIgniter->run()
#11 C:\xampp\htdocs\ci4bismillah\system\Commands\Server\rewrite.php(47): require_once('C:\\xampp\\htdocs...')
#12 {main}

Next CodeIgniter\Database\Exceptions\DatabaseException: No connection could be made because the target machine actively refused it.
 in C:\xampp\htdocs\ci4bismillah\system\Database\MySQLi\Connection.php:229
Stack trace:
#0 C:\xampp\htdocs\ci4bismillah\system\Database\BaseConnection.php(391): CodeIgniter\Database\MySQLi\Connection->connect(false)
#1 C:\xampp\htdocs\ci4bismillah\system\Database\BaseConnection.php(574): CodeIgniter\Database\BaseConnection->initialize()
#2 C:\xampp\htdocs\ci4bismillah\system\Database\BaseBuilder.php(1615): CodeIgniter\Database\BaseConnection->query('SELECT *\nFROM `...', Array, false)
#3 C:\xampp\htdocs\ci4bismillah\system\Model.php(237): CodeIgniter\Database\BaseBuilder->get()
#4 C:\xampp\htdocs\ci4bismillah\system\BaseModel.php(624): CodeIgniter\Model->doFindAll(0, 0)
#5 C:\xampp\htdocs\ci4bismillah\app\Controllers\komik.php(16): CodeIgniter\BaseModel->findAll()
#6 C:\xampp\htdocs\ci4bismillah\system\CodeIgniter.php(919): App\Controllers\komik->index()
#7 C:\xampp\htdocs\ci4bismillah\system\CodeIgniter.php(494): CodeIgniter\CodeIgniter->runController(Object(App\Controllers\komik))
#8 C:\xampp\htdocs\ci4bismillah\system\CodeIgniter.php(353): CodeIgniter\CodeIgniter->handleRequest(NULL, Object(Config\Cache), false)
#9 C:\xampp\htdocs\ci4bismillah\public\index.php(79): CodeIgniter\CodeIgniter->run()
#10 C:\xampp\htdocs\ci4bismillah\system\Commands\Server\rewrite.php(47): require_once('C:\\xampp\\htdocs...')
#11 {main}
CRITICAL - 2023-11-15 14:54:39 --> Unable to connect to the database.
Main connection [MySQLi]: No connection could be made because the target machine actively refused it.

in SYSTEMPATH\Database\BaseConnection.php on line 427.
 1 SYSTEMPATH\Database\BaseConnection.php(574): CodeIgniter\Database\BaseConnection->initialize()
 2 SYSTEMPATH\Database\BaseBuilder.php(1615): CodeIgniter\Database\BaseConnection->query('SELECT *
FROM `komik`', [], false)
 3 SYSTEMPATH\Model.php(237): CodeIgniter\Database\BaseBuilder->get()
 4 SYSTEMPATH\BaseModel.php(624): CodeIgniter\Model->doFindAll(0, 0)
 5 APPPATH\Controllers\komik.php(16): CodeIgniter\BaseModel->findAll()
 6 SYSTEMPATH\CodeIgniter.php(919): App\Controllers\komik->index()
 7 SYSTEMPATH\CodeIgniter.php(494): CodeIgniter\CodeIgniter->runController(Object(App\Controllers\komik))
 8 SYSTEMPATH\CodeIgniter.php(353): CodeIgniter\CodeIgniter->handleRequest(null, Object(Config\Cache), false)
 9 FCPATH\index.php(79): CodeIgniter\CodeIgniter->run()
10 SYSTEMPATH\Commands\Server\rewrite.php(47): require_once('C:\\xampp\\htdocs\\ci4bismillah\\public\\index.php')
ERROR - 2023-11-15 14:55:46 --> Error connecting to the database: mysqli_sql_exception: No connection could be made because the target machine actively refused it.
 in C:\xampp\htdocs\ci4bismillah\system\Database\MySQLi\Connection.php:185
Stack trace:
#0 C:\xampp\htdocs\ci4bismillah\system\Database\MySQLi\Connection.php(185): mysqli->real_connect('localhost', 'root', '', 'ci2', 3306, '', 0)
#1 C:\xampp\htdocs\ci4bismillah\system\Database\BaseConnection.php(391): CodeIgniter\Database\MySQLi\Connection->connect(false)
#2 C:\xampp\htdocs\ci4bismillah\system\Database\BaseConnection.php(574): CodeIgniter\Database\BaseConnection->initialize()
#3 C:\xampp\htdocs\ci4bismillah\system\Database\BaseBuilder.php(1615): CodeIgniter\Database\BaseConnection->query('SELECT *\nFROM `...', Array, false)
#4 C:\xampp\htdocs\ci4bismillah\system\Model.php(237): CodeIgniter\Database\BaseBuilder->get()
#5 C:\xampp\htdocs\ci4bismillah\system\BaseModel.php(624): CodeIgniter\Model->doFindAll(0, 0)
#6 C:\xampp\htdocs\ci4bismillah\app\Controllers\komik.php(16): CodeIgniter\BaseModel->findAll()
#7 C:\xampp\htdocs\ci4bismillah\system\CodeIgniter.php(919): App\Controllers\komik->index()
#8 C:\xampp\htdocs\ci4bismillah\system\CodeIgniter.php(494): CodeIgniter\CodeIgniter->runController(Object(App\Controllers\komik))
#9 C:\xampp\htdocs\ci4bismillah\system\CodeIgniter.php(353): CodeIgniter\CodeIgniter->handleRequest(NULL, Object(Config\Cache), false)
#10 C:\xampp\htdocs\ci4bismillah\public\index.php(79): CodeIgniter\CodeIgniter->run()
#11 C:\xampp\htdocs\ci4bismillah\system\Commands\Server\rewrite.php(47): require_once('C:\\xampp\\htdocs...')
#12 {main}

Next CodeIgniter\Database\Exceptions\DatabaseException: No connection could be made because the target machine actively refused it.
 in C:\xampp\htdocs\ci4bismillah\system\Database\MySQLi\Connection.php:229
Stack trace:
#0 C:\xampp\htdocs\ci4bismillah\system\Database\BaseConnection.php(391): CodeIgniter\Database\MySQLi\Connection->connect(false)
#1 C:\xampp\htdocs\ci4bismillah\system\Database\BaseConnection.php(574): CodeIgniter\Database\BaseConnection->initialize()
#2 C:\xampp\htdocs\ci4bismillah\system\Database\BaseBuilder.php(1615): CodeIgniter\Database\BaseConnection->query('SELECT *\nFROM `...', Array, false)
#3 C:\xampp\htdocs\ci4bismillah\system\Model.php(237): CodeIgniter\Database\BaseBuilder->get()
#4 C:\xampp\htdocs\ci4bismillah\system\BaseModel.php(624): CodeIgniter\Model->doFindAll(0, 0)
#5 C:\xampp\htdocs\ci4bismillah\app\Controllers\komik.php(16): CodeIgniter\BaseModel->findAll()
#6 C:\xampp\htdocs\ci4bismillah\system\CodeIgniter.php(919): App\Controllers\komik->index()
#7 C:\xampp\htdocs\ci4bismillah\system\CodeIgniter.php(494): CodeIgniter\CodeIgniter->runController(Object(App\Controllers\komik))
#8 C:\xampp\htdocs\ci4bismillah\system\CodeIgniter.php(353): CodeIgniter\CodeIgniter->handleRequest(NULL, Object(Config\Cache), false)
#9 C:\xampp\htdocs\ci4bismillah\public\index.php(79): CodeIgniter\CodeIgniter->run()
#10 C:\xampp\htdocs\ci4bismillah\system\Commands\Server\rewrite.php(47): require_once('C:\\xampp\\htdocs...')
#11 {main}
CRITICAL - 2023-11-15 14:55:46 --> Unable to connect to the database.
Main connection [MySQLi]: No connection could be made because the target machine actively refused it.

in SYSTEMPATH\Database\BaseConnection.php on line 427.
 1 SYSTEMPATH\Database\BaseConnection.php(574): CodeIgniter\Database\BaseConnection->initialize()
 2 SYSTEMPATH\Database\BaseBuilder.php(1615): CodeIgniter\Database\BaseConnection->query('SELECT *
FROM `komik`', [], false)
 3 SYSTEMPATH\Model.php(237): CodeIgniter\Database\BaseBuilder->get()
 4 SYSTEMPATH\BaseModel.php(624): CodeIgniter\Model->doFindAll(0, 0)
 5 APPPATH\Controllers\komik.php(16): CodeIgniter\BaseModel->findAll()
 6 SYSTEMPATH\CodeIgniter.php(919): App\Controllers\komik->index()
 7 SYSTEMPATH\CodeIgniter.php(494): CodeIgniter\CodeIgniter->runController(Object(App\Controllers\komik))
 8 SYSTEMPATH\CodeIgniter.php(353): CodeIgniter\CodeIgniter->handleRequest(null, Object(Config\Cache), false)
 9 FCPATH\index.php(79): CodeIgniter\CodeIgniter->run()
10 SYSTEMPATH\Commands\Server\rewrite.php(47): require_once('C:\\xampp\\htdocs\\ci4bismillah\\public\\index.php')
